<?xml version="1.0" encoding="UTF-8"?>
<testsuites name="jest tests" tests="2" failures="0" errors="0" time="1.351">
  <testsuite name="PageHeader" errors="0" failures="0" skipped="0" timestamp="2022-11-16T06:35:20" time="1.057" tests="1">
    <testcase classname="PageHeader 可以正常打开布局" name="PageHeader 可以正常打开布局" time="0.016">
    </testcase>
  </testsuite>
  <testsuite name="string test" errors="0" failures="0" skipped="0" timestamp="2022-11-16T06:35:21" time="0.095" tests="1">
    <testcase classname="string test 随机字符串测试" name="string test 随机字符串测试" time="0.001">
    </testcase>
  </testsuite>
</testsuites>