<?xml version="1.0" encoding="UTF-8"?>
<testsuites name="jest tests" tests="5" failures="0" errors="0" time="1.851">
  <testsuite name="string test" errors="0" failures="0" skipped="0" timestamp="2022-11-16T07:17:23" time="1.321" tests="4">
    <testcase classname="string test 随机字符串测试" name="string test 随机字符串测试" time="0.001">
    </testcase>
    <testcase classname="string test 测试当前时间" name="string test 测试当前时间" time="0.001">
    </testcase>
    <testcase classname="string2 test 随机字符串测试" name="string2 test 随机字符串测试" time="0">
    </testcase>
    <testcase classname="string2 test 测试当前时间" name="string2 test 测试当前时间" time="0">
    </testcase>
  </testsuite>
  <testsuite name="PageHeader" errors="0" failures="0" skipped="0" timestamp="2022-11-16T07:17:24" time="0.32" tests="1">
    <testcase classname="PageHeader 可以正常打开布局" name="PageHeader 可以正常打开布局" time="0.018">
    </testcase>
  </testsuite>
</testsuites>